<?xml version="1.0" encoding="UTF-8"?>
<!-- Generated by org.testng.reporters.JUnitXMLReporter -->
<testsuite hostname="KAD-I-024" name="Test" tests="9" failures="1" timestamp="4 Jan 2019 11:10:03 GMT" time="827.508" errors="0">
  <testcase name="Login" time="15.883" classname="testCases.Matrixflow"/>
  <testcase name="caseregistration" time="8.416" classname="testCases.Matrixflow"/>
  <testcase name="aasignToDE" time="14.454" classname="testCases.Matrixflow"/>
  <testcase name="dataentry" time="78.643" classname="testCases.Matrixflow"/>
  <testcase name="assigncase" time="68.055" classname="testCases.Matrixflow"/>
  <testcase name="OperationtmAssign" time="102.446" classname="testCases.Matrixflow"/>
  <testcase name="Operationtm" time="514.64" classname="testCases.Matrixflow"/>
  <testcase name="Report" time="4.992" classname="testCases.Matrixflow">
    <failure type="java.lang.Exception" message="final is :0">
      <![CDATA[java.lang.Exception: final is :0
	at pages.ReportTL.assignReport(ReportTL.java:77)
	at testCases.Matrixflow.Report(Matrixflow.java:230)
... Removed 24 stack frames]]>
    </failure>
  </testcase> <!-- Report -->
  <testcase name="publishCase" time="0.001" classname="testCases.Matrixflow">
    <skipped/>
  </testcase> <!-- publishCase -->
</testsuite> <!-- Test -->
